foo:
	iload_0
	fload_1
	f2i
	iadd
	iload_2
	iadd
	ireturn

fun:
	esr 7
	iloadc 0
	istore 0
	iloadc 1
	istore 1
	iloadc 2
	istore 2
	iloadc 3
	istore 3
	floadc 4
	fstore 4
	floadc 5
	fstore 5
	bloadc 6
	bstore 6
	iload_0
	iload_1
	ilt
	branch_f 1_false_expr
	iload_2
	iload_3
	igt
	jump 2_end
1_false_expr:
	bloadc 7
2_end:
	f2i
	istore 3
	isrg
	iload_3
	jsre 0
	isrg
	iloadc 0
	jsre 5
	isrg
	iload_0
	iload_2
	ilt
	f2i
	fload 4
	fload 5
	fadd
	iload_1
	iload_3
	ilt
	f2i
	jsr foo
	istore 3
	isrg
	iload_3
	jsre 0
	isrg
	iloadc 0
	jsre 5
	iload_1
	iload_3
	ilt
	branch_f 3_false_expr
	bloadc 6
	jump 4_end
3_false_expr:
	iload_0
	iload_2
	igt
4_end:
	branch_f 5_end

	iloadc 8
	istore 0
5_end:
	iloadc 0
	ireturn

bar:
	esr 3
	iloadc 9
	istore 0
	floadc 10
	fstore 1
	iload_0
	fload_1
	f2i
	iload_0
	imul
	iadd
	istore 2
	isrg
	iload_2
	jsre 0
	isrg
	iloadc 0
	jsre 5
	return

main:
	isrg
	jsr fun
	ipop
	isrg
	jsr bar
	iloadc 11
	ireturn

.const int 1
.const int 2
.const int 3
.const int 4
.const float 1.000000
.const float 2.000000
.const bool true
.const bool false
.const int 7
.const int 5
.const float 6.000000
.const int 0
.exportfun "main" int  main
.importfun "printInt" void  int
.importfun "printFloat" void  float
.importfun "scanInt" int 
.importfun "scanFloat" float 
.importfun "printSpaces" void  int
.importfun "printNewlines" void  int
